mode: count
github.com/surahman/FTeX/pkg/constants/constants.go:20.25,22.2 1 1
github.com/surahman/FTeX/pkg/constants/constants.go:25.26,27.2 1 1
github.com/surahman/FTeX/pkg/constants/constants.go:30.26,32.2 1 1
github.com/surahman/FTeX/pkg/constants/constants.go:35.30,37.2 1 1
github.com/surahman/FTeX/pkg/constants/constants.go:40.33,42.2 1 1
github.com/surahman/FTeX/pkg/constants/constants.go:45.31,47.2 1 1
github.com/surahman/FTeX/pkg/constants/constants.go:50.35,52.2 1 1
github.com/surahman/FTeX/pkg/constants/constants.go:55.33,57.2 1 1
github.com/surahman/FTeX/pkg/config_loader/config_loader.go:11.92,22.44 9 12
github.com/surahman/FTeX/pkg/config_loader/config_loader.go:26.2,26.44 1 12
github.com/surahman/FTeX/pkg/config_loader/config_loader.go:30.2,30.53 1 12
github.com/surahman/FTeX/pkg/config_loader/config_loader.go:34.2,34.8 1 4
github.com/surahman/FTeX/pkg/config_loader/config_loader.go:22.44,24.3 1 0
github.com/surahman/FTeX/pkg/config_loader/config_loader.go:26.44,28.3 1 0
github.com/surahman/FTeX/pkg/config_loader/config_loader.go:30.53,32.3 1 8
github.com/surahman/FTeX/pkg/config_loader/test_data.go:4.41,80.2 1 1
github.com/surahman/FTeX/pkg/validator/errors.go:16.39,18.2 1 7
github.com/surahman/FTeX/pkg/validator/errors.go:26.44,28.34 2 3
github.com/surahman/FTeX/pkg/validator/errors.go:31.2,31.24 1 3
github.com/surahman/FTeX/pkg/validator/errors.go:28.34,30.3 1 3
github.com/surahman/FTeX/pkg/validator/validator.go:11.13,13.2 1 1
github.com/surahman/FTeX/pkg/validator/validator.go:16.37,18.53 2 6
github.com/surahman/FTeX/pkg/validator/validator.go:27.2,27.33 1 6
github.com/surahman/FTeX/pkg/validator/validator.go:30.2,30.23 1 5
github.com/surahman/FTeX/pkg/validator/validator.go:18.53,19.58 1 5
github.com/surahman/FTeX/pkg/validator/validator.go:19.58,25.4 5 7
github.com/surahman/FTeX/pkg/validator/validator.go:27.33,29.3 1 1
github.com/surahman/FTeX/pkg/logger/config.go:42.26,44.2 1 5
github.com/surahman/FTeX/pkg/logger/config.go:47.50,49.2 1 13
github.com/surahman/FTeX/pkg/logger/logger.go:20.26,22.2 1 8
github.com/surahman/FTeX/pkg/logger/logger.go:25.49,26.24 1 6
github.com/surahman/FTeX/pkg/logger/logger.go:29.2,33.44 4 5
github.com/surahman/FTeX/pkg/logger/logger.go:39.2,39.51 1 4
github.com/surahman/FTeX/pkg/logger/logger.go:53.2,53.58 1 4
github.com/surahman/FTeX/pkg/logger/logger.go:67.2,67.103 1 4
github.com/surahman/FTeX/pkg/logger/logger.go:71.2,71.113 1 4
github.com/surahman/FTeX/pkg/logger/logger.go:77.2,78.75 2 4
github.com/surahman/FTeX/pkg/logger/logger.go:82.2,82.8 1 4
github.com/surahman/FTeX/pkg/logger/logger.go:26.24,28.3 1 1
github.com/surahman/FTeX/pkg/logger/logger.go:33.44,36.3 2 1
github.com/surahman/FTeX/pkg/logger/logger.go:40.21,42.8 2 3
github.com/surahman/FTeX/pkg/logger/logger.go:43.20,45.8 2 1
github.com/surahman/FTeX/pkg/logger/logger.go:46.10,49.25 3 0
github.com/surahman/FTeX/pkg/logger/logger.go:54.21,56.8 2 3
github.com/surahman/FTeX/pkg/logger/logger.go:57.20,59.8 2 1
github.com/surahman/FTeX/pkg/logger/logger.go:60.10,63.25 3 0
github.com/surahman/FTeX/pkg/logger/logger.go:67.103,70.3 2 0
github.com/surahman/FTeX/pkg/logger/logger.go:71.113,74.3 2 0
github.com/surahman/FTeX/pkg/logger/logger.go:78.75,81.3 2 0
github.com/surahman/FTeX/pkg/logger/logger.go:86.60,88.2 1 2
github.com/surahman/FTeX/pkg/logger/logger.go:91.61,93.2 1 2
github.com/surahman/FTeX/pkg/logger/logger.go:96.60,98.2 1 2
github.com/surahman/FTeX/pkg/logger/logger.go:101.61,103.2 1 2
github.com/surahman/FTeX/pkg/logger/logger.go:106.61,108.2 1 2
github.com/surahman/FTeX/pkg/logger/logger.go:111.127,113.53 2 10
github.com/surahman/FTeX/pkg/logger/logger.go:116.2,116.55 1 10
github.com/surahman/FTeX/pkg/logger/logger.go:119.2,119.8 1 10
github.com/surahman/FTeX/pkg/logger/logger.go:113.53,115.3 1 0
github.com/surahman/FTeX/pkg/logger/logger.go:116.55,118.3 1 0
github.com/surahman/FTeX/pkg/logger/logger.go:123.56,125.2 1 2
github.com/surahman/FTeX/pkg/logger/logger.go:128.50,132.73 4 1
github.com/surahman/FTeX/pkg/logger/logger.go:136.2,136.43 1 1
github.com/surahman/FTeX/pkg/logger/logger.go:132.73,135.3 2 0
github.com/surahman/FTeX/pkg/logger/test_data.go:4.41,42.2 1 1
github.com/surahman/FTeX/pkg/postgres/config.go:42.26,44.2 1 1
github.com/surahman/FTeX/pkg/postgres/config.go:47.50,49.2 1 9
github.com/surahman/FTeX/pkg/postgres/test_data.go:4.41,88.2 1 1
